[debug] ----------------------------------------------------------------------
[debug] Command:      C:\Program Files\nodejs\node.exe C:\Users\RCanchanyaG\AppData\Roaming\npm\node_modules\firebase-tools\bin\firebase serve
[debug] CLI Version:  3.0.6
[debug] Platform:     win32
[debug] Node Version: v4.4.7
[debug] Time:         Mon Aug 08 2016 17:41:08 GMT-0500 (Hora est. Pacífico, Sudamérica)
[debug] ----------------------------------------------------------------------
[debug] 
[info] Starting Firebase development server...
[info] 
[info] Project Directory: C:\Users\RCanchanyaG\Desktop\Catalogo Web
[warn] !  Port 5000 is not available. Trying another port...
[warn] !  Port 5001 is not available. Trying another port...
[info] Public Directory: public
[info] 
[info] Server listening at: http://localhost:5002
[debug] ----------------------------------------------------------------------
[debug] Command:      C:\Program Files\nodejs\node.exe C:\Users\RCanchanyaG\AppData\Roaming\npm\node_modules\firebase-tools\bin\firebase serve
[debug] CLI Version:  3.0.6
[debug] Platform:     win32
[debug] Node Version: v4.4.7
[debug] Time:         Tue Aug 09 2016 08:44:28 GMT-0500 (Hora est. Pacífico, Sudamérica)
[debug] ----------------------------------------------------------------------
[debug] 
[info] Starting Firebase development server...
[info] 
[info] Project Directory: C:\Users\RCanchanyaG\Desktop\Catalogo Web
[info] Public Directory: public
[info] 
[info] Server listening at: http://localhost:5000
